0 silly argv {
0 silly argv   _: [ 'add' ],
0 silly argv   D: true,
0 silly argv   dev: true,
0 silly argv   globs: [ 'packages/c' ],
0 silly argv   lernaVersion: '4.0.0',
0 silly argv   '$0': '/Users/djohnston/git/lerna-topographical-order/node_modules/.bin/lerna',
0 silly argv   pkg: 'webpack-cli'
0 silly argv }
1 notice cli v4.0.0
2 verbose rootPath /Users/djohnston/git/lerna-topographical-order
3 error JSONError: Unexpected token "}" (0x7D) in JSON at position 823 while parsing near "...cript\": \"^4.5.2\",\n  }\n}\n" in packages/a/package.json
3 error
3 error [0m [90m 31 |[39m   [32m"devDependencies"[39m[33m:[39m {[0m
3 error [0m [90m 32 |[39m     [32m"typescript"[39m[33m:[39m [32m"^4.5.2"[39m[33m,[39m[0m
3 error [0m[31m[1m>[22m[39m[90m 33 |[39m   }[0m
3 error [0m [90m    |[39m   [31m[1m^[22m[39m[0m
3 error [0m [90m 34 |[39m }[0m
3 error [0m [90m 35 |[39m[0m
3 error
3 error     at parseJson (/Users/djohnston/git/lerna-topographical-order/node_modules/parse-json/index.js:29:21)
3 error     at parse (/Users/djohnston/git/lerna-topographical-order/node_modules/load-json-file/index.js:15:9)
3 error     at module.exports (/Users/djohnston/git/lerna-topographical-order/node_modules/load-json-file/index.js:18:47)
